C:\Program Files (x86)\Microsoft Visual Studio\2019\Community\MSBuild\Microsoft\VC\v160\Microsoft.CppBuild.targets(513,5): warning MSB8028: The intermediate directory (x64\Debug\) contains files shared from another project (Comp371_Assignment1.vcxproj).  This can lead to incorrect clean and rebuild behavior.
  Model.cpp
F:\alexi\Concordia\COMP477\FinalSubmission\ProjectSourceCode\Comp371_Assignment1\tools\Shader.h(60,40): warning C4101: 'e': unreferenced local variable
F:\alexi\Concordia\COMP477\FinalSubmission\ProjectSourceCode\Comp371_Assignment1\Model.cpp(8,33): warning C4244: 'initializing': conversion from 'double' to 'int', possible loss of data
F:\alexi\Concordia\COMP477\FinalSubmission\ProjectSourceCode\Comp371_Assignment1\Model.cpp(1554,10): warning C4101: 'allPos': unreferenced local variable
F:\alexi\Concordia\COMP477\FinalSubmission\ProjectSourceCode\Comp371_Assignment1\Model.cpp(1624,28): warning C4244: '=': conversion from 'int' to 'T', possible loss of data
          with
          [
              T=float
          ]
F:\alexi\Concordia\COMP477\FinalSubmission\ProjectSourceCode\Comp371_Assignment1\Model.cpp(1727,31): warning C4244: '=': conversion from 'int' to 'T', possible loss of data
          with
          [
              T=float
          ]
F:\alexi\Concordia\COMP477\FinalSubmission\ProjectSourceCode\Comp371_Assignment1\Model.cpp(1733,10): warning C4101: 'allPos': unreferenced local variable
F:\alexi\Concordia\COMP477\FinalSubmission\ProjectSourceCode\Comp371_Assignment1\Model.cpp(1808,33): warning C4244: '=': conversion from 'int' to 'T', possible loss of data
          with
          [
              T=float
          ]
F:\alexi\Concordia\COMP477\FinalSubmission\ProjectSourceCode\Comp371_Assignment1\Model.cpp(1905,30): warning C4244: '=': conversion from 'int' to 'T', possible loss of data
          with
          [
              T=float
          ]
F:\alexi\Concordia\COMP477\FinalSubmission\ProjectSourceCode\Comp371_Assignment1\Model.cpp(1950,31): warning C4244: '=': conversion from 'int' to 'T', possible loss of data
          with
          [
              T=float
          ]
F:\alexi\Concordia\COMP477\FinalSubmission\ProjectSourceCode\Comp371_Assignment1\Model.cpp(2001,31): warning C4244: '=': conversion from 'int' to 'T', possible loss of data
          with
          [
              T=float
          ]
F:\alexi\Concordia\COMP477\FinalSubmission\ProjectSourceCode\Comp371_Assignment1\Model.cpp(2076,22): warning C4101: 'MVP': unreferenced local variable
  App.cpp
F:\alexi\Concordia\COMP477\FinalSubmission\ProjectSourceCode\Comp371_Assignment1\tools\Shader.h(60,40): warning C4101: 'e': unreferenced local variable
F:\alexi\Concordia\COMP477\FinalSubmission\ProjectSourceCode\Comp371_Assignment1\Rod.h(18,27): warning C4305: 'initializing': truncation from 'double' to 'float'
F:\alexi\Concordia\COMP477\FinalSubmission\ProjectSourceCode\Comp371_Assignment1\Rod.h(20,27): warning C4305: 'initializing': truncation from 'double' to 'float'
F:\alexi\Concordia\COMP477\FinalSubmission\ProjectSourceCode\Comp371_Assignment1\App.cpp(492,28): warning C4244: 'initializing': conversion from 'double' to 'float', possible loss of data
F:\alexi\Concordia\COMP477\FinalSubmission\ProjectSourceCode\Comp371_Assignment1\App.cpp(811,23): warning C4244: 'initializing': conversion from 'double' to 'float', possible loss of data
F:\alexi\Concordia\COMP477\FinalSubmission\ProjectSourceCode\Comp371_Assignment1\App.cpp(812,17): warning C4244: '=': conversion from 'double' to 'float', possible loss of data
F:\alexi\Concordia\COMP477\FinalSubmission\ProjectSourceCode\Comp371_Assignment1\App.cpp(813,17): warning C4244: '=': conversion from 'double' to 'float', possible loss of data
F:\alexi\Concordia\COMP477\FinalSubmission\ProjectSourceCode\Comp371_Assignment1\App.cpp(819,23): warning C4244: 'initializing': conversion from 'double' to 'float', possible loss of data
F:\alexi\Concordia\COMP477\FinalSubmission\ProjectSourceCode\Comp371_Assignment1\App.cpp(820,17): warning C4244: '=': conversion from 'double' to 'float', possible loss of data
F:\alexi\Concordia\COMP477\FinalSubmission\ProjectSourceCode\Comp371_Assignment1\App.cpp(821,17): warning C4244: '=': conversion from 'double' to 'float', possible loss of data
F:\alexi\Concordia\COMP477\FinalSubmission\ProjectSourceCode\Comp371_Assignment1\App.cpp(827,23): warning C4244: 'initializing': conversion from 'double' to 'float', possible loss of data
F:\alexi\Concordia\COMP477\FinalSubmission\ProjectSourceCode\Comp371_Assignment1\App.cpp(828,17): warning C4244: '=': conversion from 'double' to 'float', possible loss of data
F:\alexi\Concordia\COMP477\FinalSubmission\ProjectSourceCode\Comp371_Assignment1\App.cpp(829,17): warning C4244: '=': conversion from 'double' to 'float', possible loss of data
  GLShader.cpp
  KeyState.cpp
  Net.cpp
F:\alexi\Concordia\COMP477\FinalSubmission\ProjectSourceCode\Comp371_Assignment1\Rod.h(18,27): warning C4305: 'initializing': truncation from 'double' to 'float'
F:\alexi\Concordia\COMP477\FinalSubmission\ProjectSourceCode\Comp371_Assignment1\Rod.h(20,27): warning C4305: 'initializing': truncation from 'double' to 'float'
  Scene.cpp
F:\alexi\Concordia\COMP477\FinalSubmission\ProjectSourceCode\Comp371_Assignment1\tools\Shader.h(60,40): warning C4101: 'e': unreferenced local variable
  Camera.cpp
  Rod.cpp
F:\alexi\Concordia\COMP477\FinalSubmission\ProjectSourceCode\Comp371_Assignment1\Rod.h(18,27): warning C4305: 'initializing': truncation from 'double' to 'float'
F:\alexi\Concordia\COMP477\FinalSubmission\ProjectSourceCode\Comp371_Assignment1\Rod.h(20,27): warning C4305: 'initializing': truncation from 'double' to 'float'
F:\alexi\Concordia\COMP477\FinalSubmission\ProjectSourceCode\Comp371_Assignment1\Rod.cpp(87,53): warning C4244: 'return': conversion from 'double' to 'float', possible loss of data
  Sphere.cpp
  GLErrorManager.cpp
  IndexBuffer.cpp
  Renderer.cpp
F:\alexi\Concordia\COMP477\FinalSubmission\ProjectSourceCode\Comp371_Assignment1\tools\Shader.h(60,40): warning C4101: 'e': unreferenced local variable
  VertexArray.cpp
F:\alexi\Concordia\COMP477\FinalSubmission\ProjectSourceCode\Comp371_Assignment1\tools\VertexArray.cpp(27,1): warning C4312: 'type cast': conversion from 'unsigned int' to 'const void *' of greater size
  VertexBuffer.cpp
  Generating Code...
glfw3.lib(context.obj) : warning LNK4099: PDB 'glfw3.pdb' was not found with 'glfw3.lib(context.obj)' or at 'F:\alexi\Concordia\COMP477\FinalSubmission\ProjectSourceCode\x64\Debug\glfw3.pdb'; linking object as if no debug info
glfw3.lib(init.obj) : warning LNK4099: PDB 'glfw3.pdb' was not found with 'glfw3.lib(init.obj)' or at 'F:\alexi\Concordia\COMP477\FinalSubmission\ProjectSourceCode\x64\Debug\glfw3.pdb'; linking object as if no debug info
glfw3.lib(input.obj) : warning LNK4099: PDB 'glfw3.pdb' was not found with 'glfw3.lib(input.obj)' or at 'F:\alexi\Concordia\COMP477\FinalSubmission\ProjectSourceCode\x64\Debug\glfw3.pdb'; linking object as if no debug info
glfw3.lib(monitor.obj) : warning LNK4099: PDB 'glfw3.pdb' was not found with 'glfw3.lib(monitor.obj)' or at 'F:\alexi\Concordia\COMP477\FinalSubmission\ProjectSourceCode\x64\Debug\glfw3.pdb'; linking object as if no debug info
glfw3.lib(vulkan.obj) : warning LNK4099: PDB 'glfw3.pdb' was not found with 'glfw3.lib(vulkan.obj)' or at 'F:\alexi\Concordia\COMP477\FinalSubmission\ProjectSourceCode\x64\Debug\glfw3.pdb'; linking object as if no debug info
glfw3.lib(window.obj) : warning LNK4099: PDB 'glfw3.pdb' was not found with 'glfw3.lib(window.obj)' or at 'F:\alexi\Concordia\COMP477\FinalSubmission\ProjectSourceCode\x64\Debug\glfw3.pdb'; linking object as if no debug info
glfw3.lib(win32_init.obj) : warning LNK4099: PDB 'glfw3.pdb' was not found with 'glfw3.lib(win32_init.obj)' or at 'F:\alexi\Concordia\COMP477\FinalSubmission\ProjectSourceCode\x64\Debug\glfw3.pdb'; linking object as if no debug info
glfw3.lib(win32_joystick.obj) : warning LNK4099: PDB 'glfw3.pdb' was not found with 'glfw3.lib(win32_joystick.obj)' or at 'F:\alexi\Concordia\COMP477\FinalSubmission\ProjectSourceCode\x64\Debug\glfw3.pdb'; linking object as if no debug info
glfw3.lib(win32_monitor.obj) : warning LNK4099: PDB 'glfw3.pdb' was not found with 'glfw3.lib(win32_monitor.obj)' or at 'F:\alexi\Concordia\COMP477\FinalSubmission\ProjectSourceCode\x64\Debug\glfw3.pdb'; linking object as if no debug info
glfw3.lib(win32_time.obj) : warning LNK4099: PDB 'glfw3.pdb' was not found with 'glfw3.lib(win32_time.obj)' or at 'F:\alexi\Concordia\COMP477\FinalSubmission\ProjectSourceCode\x64\Debug\glfw3.pdb'; linking object as if no debug info
glfw3.lib(win32_thread.obj) : warning LNK4099: PDB '' was not found with 'glfw3.lib(win32_thread.obj)' or at ''; linking object as if no debug info
glfw3.lib(win32_window.obj) : warning LNK4099: PDB 'glfw3.pdb' was not found with 'glfw3.lib(win32_window.obj)' or at 'F:\alexi\Concordia\COMP477\FinalSubmission\ProjectSourceCode\x64\Debug\glfw3.pdb'; linking object as if no debug info
glfw3.lib(wgl_context.obj) : warning LNK4099: PDB 'glfw3.pdb' was not found with 'glfw3.lib(wgl_context.obj)' or at 'F:\alexi\Concordia\COMP477\FinalSubmission\ProjectSourceCode\x64\Debug\glfw3.pdb'; linking object as if no debug info
glfw3.lib(egl_context.obj) : warning LNK4099: PDB 'glfw3.pdb' was not found with 'glfw3.lib(egl_context.obj)' or at 'F:\alexi\Concordia\COMP477\FinalSubmission\ProjectSourceCode\x64\Debug\glfw3.pdb'; linking object as if no debug info
glfw3.lib(osmesa_context.obj) : warning LNK4099: PDB 'glfw3.pdb' was not found with 'glfw3.lib(osmesa_context.obj)' or at 'F:\alexi\Concordia\COMP477\FinalSubmission\ProjectSourceCode\x64\Debug\glfw3.pdb'; linking object as if no debug info
  Comp371_Assignment1.vcxproj -> F:\alexi\Concordia\COMP477\FinalSubmission\ProjectSourceCode\x64\Debug\Project477.exe
